<?xml version="1.0" encoding="UTF-8"?>
<!-- Generated by org.testng.reporters.JUnitXMLReporter -->
<testsuite ignored="0" hostname="Sathish" failures="2" tests="6" name="Test" time="45.144" errors="0" timestamp="2024-11-30T14:08:44 IST">
  <testcase classname="testCases.TC003_LoginDDT" name="verify_loginDDT" time="12.331">
    <failure type="java.lang.AssertionError" message="expected [true] but found [false]">
      <![CDATA[java.lang.AssertionError: expected [true] but found [false]
at testCases.TC003_LoginDDT.verify_loginDDT(TC003_LoginDDT.java:55)
at java.base/java.util.ArrayList.forEach(ArrayList.java:1597)
... Removed 33 stack frames]]>
    </failure>
  </testcase> <!-- verify_loginDDT -->
  <testcase classname="testCases.TC003_LoginDDT" name="verify_loginDDT" time="2.829"/>
  <testcase classname="testCases.TC003_LoginDDT" name="verify_loginDDT" time="2.23"/>
  <testcase classname="testCases.TC003_LoginDDT" name="verify_loginDDT" time="11.469">
    <failure type="java.lang.AssertionError" message="expected [true] but found [false]">
      <![CDATA[java.lang.AssertionError: expected [true] but found [false]
at testCases.TC003_LoginDDT.verify_loginDDT(TC003_LoginDDT.java:55)
at java.base/java.util.ArrayList.forEach(ArrayList.java:1597)
... Removed 33 stack frames]]>
    </failure>
  </testcase> <!-- verify_loginDDT -->
  <testcase classname="testCases.TC003_LoginDDT" name="verify_loginDDT" time="2.106"/>
  <testcase classname="testCases.TC003_LoginDDT" name="verify_loginDDT" time="2.284"/>
</testsuite> <!-- Test -->
