<?xml version="1.0" encoding="UTF-8"?>
<!-- Generated by org.testng.reporters.JUnitXMLReporter -->
<testsuite ignored="0" hostname="Sathish" failures="2" tests="6" name="Test" time="43.217" errors="0" timestamp="2024-11-28T19:14:58 IST">
  <testcase classname="testCases.TC003_LoginDDT" name="verify_loginDDT" time="11.734">
    <failure type="java.lang.AssertionError" message="expected [true] but found [false]">
      <![CDATA[java.lang.AssertionError: expected [true] but found [false]
at testCases.TC003_LoginDDT.verify_loginDDT(TC003_LoginDDT.java:55)
at java.base/java.util.ArrayList.forEach(ArrayList.java:1597)
... Removed 29 stack frames]]>
    </failure>
  </testcase> <!-- verify_loginDDT -->
  <testcase classname="testCases.TC003_LoginDDT" name="verify_loginDDT" time="2.141"/>
  <testcase classname="testCases.TC003_LoginDDT" name="verify_loginDDT" time="2.018"/>
  <testcase classname="testCases.TC003_LoginDDT" name="verify_loginDDT" time="11.38">
    <failure type="java.lang.AssertionError" message="expected [true] but found [false]">
      <![CDATA[java.lang.AssertionError: expected [true] but found [false]
at testCases.TC003_LoginDDT.verify_loginDDT(TC003_LoginDDT.java:55)
at java.base/java.util.ArrayList.forEach(ArrayList.java:1597)
... Removed 29 stack frames]]>
    </failure>
  </testcase> <!-- verify_loginDDT -->
  <testcase classname="testCases.TC003_LoginDDT" name="verify_loginDDT" time="1.94"/>
  <testcase classname="testCases.TC003_LoginDDT" name="verify_loginDDT" time="2.22"/>
</testsuite> <!-- Test -->
