<?xml version="1.0" encoding="UTF-8"?>
<testng-results ignored="0" total="2" passed="2" failed="0" skipped="0">
  <reporter-output>
  </reporter-output>
  <suite started-at="2024-08-27T19:21:39 IST" name="Master Suite" finished-at="2024-08-27T19:21:58 IST" duration-ms="18938">
    <groups>
      <group name="Master">
        <method signature="TC001_AccountRegistrationTest.test_account_registration()[pri:0, instance:testCases.TC001_AccountRegistrationTest@4a194c39]" name="test_account_registration" class="testCases.TC001_AccountRegistrationTest"/>
        <method signature="TC002_LoginTest.testLogin()[pri:0, instance:testCases.TC002_LoginTest@56113384]" name="testLogin" class="testCases.TC002_LoginTest"/>
      </group> <!-- Master -->
      <group name="Sanity">
        <method signature="TC002_LoginTest.testLogin()[pri:0, instance:testCases.TC002_LoginTest@56113384]" name="testLogin" class="testCases.TC002_LoginTest"/>
      </group> <!-- Sanity -->
      <group name="Regression">
        <method signature="TC001_AccountRegistrationTest.test_account_registration()[pri:0, instance:testCases.TC001_AccountRegistrationTest@4a194c39]" name="test_account_registration" class="testCases.TC001_AccountRegistrationTest"/>
      </group> <!-- Regression -->
    </groups>
    <test started-at="2024-08-27T19:21:39 IST" name="Test" finished-at="2024-08-27T19:21:58 IST" duration-ms="18938">
      <class name="testCases.TC002_LoginTest">
        <test-method is-config="true" signature="setUp(java.lang.String,java.lang.String)[pri:0, instance:testCases.TC002_LoginTest@56113384]" started-at="2024-08-27T19:21:50 IST" name="setUp" finished-at="2024-08-27T19:21:55 IST" duration-ms="5184" status="PASS">
          <params>
            <param index="0">
              <value>
                <![CDATA[windows]]>
              </value>
            </param>
            <param index="1">
              <value>
                <![CDATA[chrome]]>
              </value>
            </param>
          </params>
          <reporter-output>
          </reporter-output>
        </test-method> <!-- setUp -->
        <test-method signature="testLogin()[pri:0, instance:testCases.TC002_LoginTest@56113384]" started-at="2024-08-27T19:21:55 IST" name="testLogin" finished-at="2024-08-27T19:21:57 IST" duration-ms="2280" status="PASS">
          <reporter-output>
          </reporter-output>
        </test-method> <!-- testLogin -->
        <test-method is-config="true" signature="tearDown()[pri:0, instance:testCases.TC002_LoginTest@56113384]" started-at="2024-08-27T19:21:57 IST" name="tearDown" finished-at="2024-08-27T19:21:58 IST" duration-ms="302" status="PASS">
          <reporter-output>
          </reporter-output>
        </test-method> <!-- tearDown -->
      </class> <!-- testCases.TC002_LoginTest -->
      <class name="testCases.TC001_AccountRegistrationTest">
        <test-method is-config="true" signature="setUp(java.lang.String,java.lang.String)[pri:0, instance:testCases.TC001_AccountRegistrationTest@4a194c39]" started-at="2024-08-27T19:21:39 IST" name="setUp" finished-at="2024-08-27T19:21:46 IST" duration-ms="7079" status="PASS">
          <params>
            <param index="0">
              <value>
                <![CDATA[windows]]>
              </value>
            </param>
            <param index="1">
              <value>
                <![CDATA[chrome]]>
              </value>
            </param>
          </params>
          <reporter-output>
          </reporter-output>
        </test-method> <!-- setUp -->
        <test-method signature="test_account_registration()[pri:0, instance:testCases.TC001_AccountRegistrationTest@4a194c39]" started-at="2024-08-27T19:21:46 IST" name="test_account_registration" finished-at="2024-08-27T19:21:50 IST" duration-ms="3364" status="PASS">
          <reporter-output>
          </reporter-output>
        </test-method> <!-- test_account_registration -->
        <test-method is-config="true" signature="tearDown()[pri:0, instance:testCases.TC001_AccountRegistrationTest@4a194c39]" started-at="2024-08-27T19:21:50 IST" name="tearDown" finished-at="2024-08-27T19:21:50 IST" duration-ms="286" status="PASS">
          <reporter-output>
          </reporter-output>
        </test-method> <!-- tearDown -->
      </class> <!-- testCases.TC001_AccountRegistrationTest -->
    </test> <!-- Test -->
  </suite> <!-- Master Suite -->
</testng-results>
